
> my-app@0.1.0 build
> react-scripts build

Creating an optimized production build...
Compiled with warnings.

[eslint]
src/views/AuthPage/index.js
  Line 24:3:  'AccordionIcon' is defined but never used  no-unused-vars

src/views/PortalPage/index.js
  Line 81:9:   'location' is assigned a value but never used                                                             no-unused-vars
  Line 153:6:  React Hook useEffect has a missing dependency: 'toast'. Either include it or remove the dependency array  react-hooks/exhaustive-deps

Search for the keywords to learn more about each warning.
To ignore, add // eslint-disable-next-line to the line before.

File sizes after gzip:

  950.94 kB  build/static/js/main.4b1b9c98.js
  42.69 kB   build/static/js/198.ee48f157.chunk.js
  15.83 kB   build/static/css/main.d904282e.css
  8.7 kB     build/static/js/404.78e34673.chunk.js
  1.77 kB    build/static/js/787.d4aba7ab.chunk.js

The bundle size is significantly larger than recommended.
Consider reducing it with code splitting: https://goo.gl/9VhYWB
You can also analyze the project dependencies: https://goo.gl/LeUzfb

The project was built assuming it is hosted at /.
You can control this with the homepage field in your package.json.

The build folder is ready to be deployed.
You may serve it with a static server:

  npm install -g serve
  serve -s build

Find out more about deployment here:

  https://cra.link/deployment
