
> my-app@0.1.0 start
> react-scripts start

(node:99733) [DEP_WEBPACK_DEV_SERVER_ON_AFTER_SETUP_MIDDLEWARE] DeprecationWarning: 'onAfterSetupMiddleware' option is deprecated. Please use the 'setupMiddlewares' option.
(Use `node --trace-deprecation ...` to show where the warning was created)
(node:99733) [DEP_WEBPACK_DEV_SERVER_ON_BEFORE_SETUP_MIDDLEWARE] DeprecationWarning: 'onBeforeSetupMiddleware' option is deprecated. Please use the 'setupMiddlewares' option.
Starting the development server...

Failed to compile.

[eslint]
src/App.js
  Line 275:68:  'PortalRouter' is not defined  react/jsx-no-undef

Search for the keywords to learn more about each error.
WARNING in ./node_modules/@mediapipe/tasks-vision/vision_bundle.mjs
Module Warning (from ./node_modules/source-map-loader/dist/cjs.js):
Failed to parse source map from '/app/node_modules/@mediapipe/tasks-vision/vision_bundle_mjs.js.map' file: Error: ENOENT: no such file or directory, open '/app/node_modules/@mediapipe/tasks-vision/vision_bundle_mjs.js.map'

WARNING in [eslint]
src/App.js
  Line 50:8:  'PortalPage' is defined but never used  no-unused-vars

ERROR in [eslint]
src/App.js
  Line 275:68:  'PortalRouter' is not defined  react/jsx-no-undef

Search for the keywords to learn more about each error.

webpack compiled with 1 error and 2 warnings
Compiling...
Failed to compile.

[eslint]
src/App.js
  Line 275:68:  'PortalRouter' is not defined  react/jsx-no-undef

Search for the keywords to learn more about each error.
WARNING in ./node_modules/@mediapipe/tasks-vision/vision_bundle.mjs
Module Warning (from ./node_modules/source-map-loader/dist/cjs.js):
Failed to parse source map from '/app/node_modules/@mediapipe/tasks-vision/vision_bundle_mjs.js.map' file: Error: ENOENT: no such file or directory, open '/app/node_modules/@mediapipe/tasks-vision/vision_bundle_mjs.js.map'

WARNING in [eslint]
src/App.js
  Line 50:8:  'PortalPage' is defined but never used  no-unused-vars

ERROR in [eslint]
src/App.js
  Line 275:68:  'PortalRouter' is not defined  react/jsx-no-undef

Search for the keywords to learn more about each error.

webpack compiled with 1 error and 2 warnings
Compiling...
Failed to compile.

[eslint]
src/App.js
  Line 275:68:  'PortalRouter' is not defined  react/jsx-no-undef

Search for the keywords to learn more about each error.
WARNING in ./node_modules/@mediapipe/tasks-vision/vision_bundle.mjs
Module Warning (from ./node_modules/source-map-loader/dist/cjs.js):
Failed to parse source map from '/app/node_modules/@mediapipe/tasks-vision/vision_bundle_mjs.js.map' file: Error: ENOENT: no such file or directory, open '/app/node_modules/@mediapipe/tasks-vision/vision_bundle_mjs.js.map'

WARNING in [eslint]
src/App.js
  Line 50:8:  'PortalPage' is defined but never used  no-unused-vars

ERROR in [eslint]
src/App.js
  Line 275:68:  'PortalRouter' is not defined  react/jsx-no-undef

Search for the keywords to learn more about each error.

webpack compiled with 1 error and 2 warnings
