
> my-app@0.1.0 start
> react-scripts start

(node:77986) [DEP_WEBPACK_DEV_SERVER_ON_AFTER_SETUP_MIDDLEWARE] DeprecationWarning: 'onAfterSetupMiddleware' option is deprecated. Please use the 'setupMiddlewares' option.
(Use `node --trace-deprecation ...` to show where the warning was created)
(node:77986) [DEP_WEBPACK_DEV_SERVER_ON_BEFORE_SETUP_MIDDLEWARE] DeprecationWarning: 'onBeforeSetupMiddleware' option is deprecated. Please use the 'setupMiddlewares' option.
Starting the development server...

Compiled with warnings.

[eslint]
src/views/AuthPage/index.js
  Line 24:3:  'AccordionIcon' is defined but never used  no-unused-vars

src/views/PortalPage/index.js
  Line 81:9:   'location' is assigned a value but never used                                                             no-unused-vars
  Line 153:6:  React Hook useEffect has a missing dependency: 'toast'. Either include it or remove the dependency array  react-hooks/exhaustive-deps

Search for the keywords to learn more about each warning.
To ignore, add // eslint-disable-next-line to the line before.

WARNING in [eslint]
src/views/AuthPage/index.js
  Line 24:3:  'AccordionIcon' is defined but never used  no-unused-vars

src/views/PortalPage/index.js
  Line 81:9:   'location' is assigned a value but never used                                                             no-unused-vars
  Line 153:6:  React Hook useEffect has a missing dependency: 'toast'. Either include it or remove the dependency array  react-hooks/exhaustive-deps

webpack compiled with 1 warning
Compiling...
Compiled with warnings.

[eslint]
src/views/PortalPage/index.js
  Line 44:43:  'useLocation' is defined but never used  no-unused-vars

Search for the keywords to learn more about each warning.
To ignore, add // eslint-disable-next-line to the line before.

WARNING in [eslint]
src/views/PortalPage/index.js
  Line 44:43:  'useLocation' is defined but never used  no-unused-vars

webpack compiled with 1 warning
Compiling...
Compiled successfully!
webpack compiled successfully
